2026-07-18 17:46:36.953 [main] INFO  c.c.auth.AuthServiceApplicationTests - Starting AuthServiceApplicationTests using Java 21.0.11 with PID 24416 (started by ysini in C:\Users\ysini\IdeaProjects\Ecomm-micro\ecomm-micro-auth)
2026-07-18 17:46:36.954 [main] DEBUG c.c.auth.AuthServiceApplicationTests - Running with Spring Boot v3.5.0, Spring v6.2.7
2026-07-18 17:46:36.956 [main] INFO  c.c.auth.AuthServiceApplicationTests - The following 1 profile is active: "dev"
2026-07-18 17:46:38.355 [main] INFO  o.s.d.r.c.RepositoryConfigurationDelegate - Bootstrapping Spring Data JPA repositories in DEFAULT mode.
2026-07-18 17:46:38.400 [main] INFO  o.s.d.r.c.RepositoryConfigurationDelegate - Finished Spring Data repository scanning in 28 ms. Found 0 JPA repository interfaces.
2026-07-18 17:46:39.101 [main] INFO  com.zaxxer.hikari.HikariDataSource - HikariPool-1 - Starting...
2026-07-18 17:46:39.862 [main] INFO  com.zaxxer.hikari.pool.HikariPool - HikariPool-1 - Added connection com.mysql.cj.jdbc.ConnectionImpl@221ca495
2026-07-18 17:46:39.865 [main] INFO  com.zaxxer.hikari.HikariDataSource - HikariPool-1 - Start completed.
2026-07-18 17:46:39.975 [main] INFO  o.h.jpa.internal.util.LogHelper - HHH000204: Processing PersistenceUnitInfo [name: default]
2026-07-18 17:46:40.119 [main] INFO  org.hibernate.Version - HHH000412: Hibernate ORM core version 6.6.15.Final
2026-07-18 17:46:40.196 [main] INFO  o.h.c.i.RegionFactoryInitiator - HHH000026: Second-level cache disabled
2026-07-18 17:46:40.813 [main] INFO  o.s.o.j.p.SpringPersistenceUnitInfo - No LoadTimeWeaver setup: ignoring JPA class transformer
2026-07-18 17:46:40.964 [main] INFO  o.hibernate.orm.connections.pooling - HHH10001005: Database info:
	Database JDBC URL [Connecting through datasource 'HikariDataSource (HikariPool-1)']
	Database driver: undefined/unknown
	Database version: 8.0.43
	Autocommit mode: undefined/unknown
	Isolation level: undefined/unknown
	Minimum pool size: undefined/unknown
	Maximum pool size: undefined/unknown
2026-07-18 17:46:41.417 [main] INFO  o.h.e.t.j.p.i.JtaPlatformInitiator - HHH000489: No JTA platform available (set 'hibernate.transaction.jta.platform' to enable JTA platform integration)
2026-07-18 17:46:41.423 [main] INFO  o.s.o.j.LocalContainerEntityManagerFactoryBean - Initialized JPA EntityManagerFactory for persistence unit 'default'
2026-07-18 17:46:41.795 [main] WARN  o.s.b.a.o.j.JpaBaseConfiguration$JpaWebConfiguration - spring.jpa.open-in-view is enabled by default. Therefore, database queries may be performed during view rendering. Explicitly configure spring.jpa.open-in-view to disable this warning
2026-07-18 17:46:42.775 [main] INFO  c.c.auth.AuthServiceApplicationTests - Started AuthServiceApplicationTests in 6.601 seconds (process running for 8.563)
2026-07-18 17:46:43.635 [SpringApplicationShutdownHook] INFO  o.s.o.j.LocalContainerEntityManagerFactoryBean - Closing JPA EntityManagerFactory for persistence unit 'default'
2026-07-18 17:46:43.639 [SpringApplicationShutdownHook] INFO  com.zaxxer.hikari.HikariDataSource - HikariPool-1 - Shutdown initiated...
2026-07-18 17:46:43.653 [SpringApplicationShutdownHook] INFO  com.zaxxer.hikari.HikariDataSource - HikariPool-1 - Shutdown completed.
2026-07-18 17:50:12.840 [main] INFO  c.c.auth.AuthServiceApplicationTests - Starting AuthServiceApplicationTests using Java 21.0.11 with PID 23472 (started by ysini in C:\Users\ysini\IdeaProjects\Ecomm-micro\ecomm-micro-auth)
2026-07-18 17:50:12.841 [main] DEBUG c.c.auth.AuthServiceApplicationTests - Running with Spring Boot v3.5.0, Spring v6.2.7
2026-07-18 17:50:12.842 [main] INFO  c.c.auth.AuthServiceApplicationTests - The following 1 profile is active: "dev"
2026-07-18 17:50:14.145 [main] INFO  o.s.d.r.c.RepositoryConfigurationDelegate - Bootstrapping Spring Data JPA repositories in DEFAULT mode.
2026-07-18 17:50:14.193 [main] INFO  o.s.d.r.c.RepositoryConfigurationDelegate - Finished Spring Data repository scanning in 33 ms. Found 0 JPA repository interfaces.
2026-07-18 17:50:14.860 [main] INFO  com.zaxxer.hikari.HikariDataSource - HikariPool-1 - Starting...
2026-07-18 17:50:15.455 [main] INFO  com.zaxxer.hikari.pool.HikariPool - HikariPool-1 - Added connection com.mysql.cj.jdbc.ConnectionImpl@5203c80f
2026-07-18 17:50:15.458 [main] INFO  com.zaxxer.hikari.HikariDataSource - HikariPool-1 - Start completed.
2026-07-18 17:50:15.532 [main] INFO  o.h.jpa.internal.util.LogHelper - HHH000204: Processing PersistenceUnitInfo [name: default]
2026-07-18 17:50:15.635 [main] INFO  org.hibernate.Version - HHH000412: Hibernate ORM core version 6.6.15.Final
2026-07-18 17:50:15.714 [main] INFO  o.h.c.i.RegionFactoryInitiator - HHH000026: Second-level cache disabled
2026-07-18 17:50:16.245 [main] INFO  o.s.o.j.p.SpringPersistenceUnitInfo - No LoadTimeWeaver setup: ignoring JPA class transformer
2026-07-18 17:50:16.425 [main] INFO  o.hibernate.orm.connections.pooling - HHH10001005: Database info:
	Database JDBC URL [Connecting through datasource 'HikariDataSource (HikariPool-1)']
	Database driver: undefined/unknown
	Database version: 8.0.43
	Autocommit mode: undefined/unknown
	Isolation level: undefined/unknown
	Minimum pool size: undefined/unknown
	Maximum pool size: undefined/unknown
2026-07-18 17:50:16.995 [main] INFO  o.h.e.t.j.p.i.JtaPlatformInitiator - HHH000489: No JTA platform available (set 'hibernate.transaction.jta.platform' to enable JTA platform integration)
2026-07-18 17:50:17.007 [main] INFO  o.s.o.j.LocalContainerEntityManagerFactoryBean - Initialized JPA EntityManagerFactory for persistence unit 'default'
2026-07-18 17:50:17.422 [main] WARN  o.s.b.a.o.j.JpaBaseConfiguration$JpaWebConfiguration - spring.jpa.open-in-view is enabled by default. Therefore, database queries may be performed during view rendering. Explicitly configure spring.jpa.open-in-view to disable this warning
2026-07-18 17:50:18.516 [main] INFO  c.c.auth.AuthServiceApplicationTests - Started AuthServiceApplicationTests in 6.373 seconds (process running for 8.014)
2026-07-18 17:50:19.255 [SpringApplicationShutdownHook] INFO  o.s.o.j.LocalContainerEntityManagerFactoryBean - Closing JPA EntityManagerFactory for persistence unit 'default'
2026-07-18 17:50:19.260 [SpringApplicationShutdownHook] INFO  com.zaxxer.hikari.HikariDataSource - HikariPool-1 - Shutdown initiated...
2026-07-18 17:50:19.278 [SpringApplicationShutdownHook] INFO  com.zaxxer.hikari.HikariDataSource - HikariPool-1 - Shutdown completed.
2026-07-18 17:50:44.003 [main] INFO  c.c.auth.AuthServiceApplication - Starting AuthServiceApplication using Java 21.0.11 with PID 24720 (C:\Users\ysini\IdeaProjects\Ecomm-micro\ecomm-micro-auth\target\classes started by ysini in C:\Users\ysini\IdeaProjects\Ecomm-micro\ecomm-micro-auth)
2026-07-18 17:50:44.007 [main] DEBUG c.c.auth.AuthServiceApplication - Running with Spring Boot v3.5.0, Spring v6.2.7
2026-07-18 17:50:44.007 [main] INFO  c.c.auth.AuthServiceApplication - The following 1 profile is active: "dev"
2026-07-18 17:50:44.799 [main] INFO  o.s.d.r.c.RepositoryConfigurationDelegate - Bootstrapping Spring Data JPA repositories in DEFAULT mode.
2026-07-18 17:50:44.830 [main] INFO  o.s.d.r.c.RepositoryConfigurationDelegate - Finished Spring Data repository scanning in 21 ms. Found 0 JPA repository interfaces.
2026-07-18 17:50:45.303 [main] INFO  o.s.b.w.e.tomcat.TomcatWebServer - Tomcat initialized with port 9998 (http)
2026-07-18 17:50:45.321 [main] INFO  o.a.catalina.core.StandardService - Starting service [Tomcat]
2026-07-18 17:50:45.321 [main] INFO  o.a.catalina.core.StandardEngine - Starting Servlet engine: [Apache Tomcat/10.1.41]
2026-07-18 17:50:45.425 [main] INFO  o.a.c.c.C.[Tomcat].[localhost].[/] - Initializing Spring embedded WebApplicationContext
2026-07-18 17:50:45.425 [main] INFO  o.s.b.w.s.c.ServletWebServerApplicationContext - Root WebApplicationContext: initialization completed in 1361 ms
2026-07-18 17:50:45.578 [main] INFO  com.zaxxer.hikari.HikariDataSource - HikariPool-1 - Starting...
2026-07-18 17:50:45.929 [main] INFO  com.zaxxer.hikari.pool.HikariPool - HikariPool-1 - Added connection com.mysql.cj.jdbc.ConnectionImpl@6ce26986
2026-07-18 17:50:45.933 [main] INFO  com.zaxxer.hikari.HikariDataSource - HikariPool-1 - Start completed.
2026-07-18 17:50:45.982 [main] INFO  o.h.jpa.internal.util.LogHelper - HHH000204: Processing PersistenceUnitInfo [name: default]
2026-07-18 17:50:46.053 [main] INFO  org.hibernate.Version - HHH000412: Hibernate ORM core version 6.6.15.Final
2026-07-18 17:50:46.102 [main] INFO  o.h.c.i.RegionFactoryInitiator - HHH000026: Second-level cache disabled
2026-07-18 17:50:46.481 [main] INFO  o.s.o.j.p.SpringPersistenceUnitInfo - No LoadTimeWeaver setup: ignoring JPA class transformer
2026-07-18 17:50:46.598 [main] INFO  o.hibernate.orm.connections.pooling - HHH10001005: Database info:
	Database JDBC URL [Connecting through datasource 'HikariDataSource (HikariPool-1)']
	Database driver: undefined/unknown
	Database version: 8.0.43
	Autocommit mode: undefined/unknown
	Isolation level: undefined/unknown
	Minimum pool size: undefined/unknown
	Maximum pool size: undefined/unknown
2026-07-18 17:50:46.938 [main] INFO  o.h.e.t.j.p.i.JtaPlatformInitiator - HHH000489: No JTA platform available (set 'hibernate.transaction.jta.platform' to enable JTA platform integration)
2026-07-18 17:50:46.945 [main] INFO  o.s.o.j.LocalContainerEntityManagerFactoryBean - Initialized JPA EntityManagerFactory for persistence unit 'default'
2026-07-18 17:50:47.124 [main] WARN  o.s.b.a.o.j.JpaBaseConfiguration$JpaWebConfiguration - spring.jpa.open-in-view is enabled by default. Therefore, database queries may be performed during view rendering. Explicitly configure spring.jpa.open-in-view to disable this warning
2026-07-18 17:50:47.766 [main] INFO  o.s.b.w.e.tomcat.TomcatWebServer - Tomcat started on port 9998 (http) with context path '/'
2026-07-18 17:50:47.778 [main] INFO  c.c.auth.AuthServiceApplication - Started AuthServiceApplication in 4.467 seconds (process running for 4.942)
2026-07-18 17:50:54.033 [http-nio-9998-exec-1] INFO  o.a.c.c.C.[Tomcat].[localhost].[/] - Initializing Spring DispatcherServlet 'dispatcherServlet'
2026-07-18 17:50:54.033 [http-nio-9998-exec-1] INFO  o.s.web.servlet.DispatcherServlet - Initializing Servlet 'dispatcherServlet'
2026-07-18 17:50:54.034 [http-nio-9998-exec-1] INFO  o.s.web.servlet.DispatcherServlet - Completed initialization in 1 ms
2026-07-18 17:50:54.510 [http-nio-9998-exec-4] INFO  o.s.api.AbstractOpenApiResource - Init duration for springdoc-openapi is: 205 ms
